[2026-01-01 20:23:18] Método HTTP inválido: GET
[2026-01-03 13:37:06] Erro DB: SQLSTATE[HY093]: Invalid parameter number: number of bound variables does not match number of tokens
[2026-01-03 13:39:21] Erro DB: SQLSTATE[42S22]: Column not found: 1054 Unknown column 'genero' in 'field list'
[2026-01-03 13:40:48] Erro BD: SQLSTATE[42S22]: Column not found: 1054 Unknown column 'genero' in 'field list'
[2026-01-03 13:41:36] Erro BD: SQLSTATE[42S22]: Column not found: 1054 Unknown column 'genero' in 'field list'
[2026-01-06 11:14:45] Erro BD: SQLSTATE[42S22]: Column not found: 1054 Unknown column 'aluno_id' in 'field list'
[2026-01-06 11:59:24] Erro BD: SQLSTATE[42S22]: Column not found: 1054 Unknown column 'aluno_id' in 'field list'
[2026-01-06 12:27:57] Erro BD: SQLSTATE[42S22]: Column not found: 1054 Unknown column 'aluno_id' in 'field list'
[2026-01-06 12:28:31] Erro BD: SQLSTATE[42S22]: Column not found: 1054 Unknown column 'aluno_id' in 'field list'
[2026-01-06 12:39:14] Erro BD: SQLSTATE[42S22]: Column not found: 1054 Unknown column 'idturma' in 'field list'
[2026-01-13 10:20:58] Erro DB: SQLSTATE[42S22]: Column not found: 1054 Unknown column 'codigo' in 'field list'
[2026-01-13 10:21:18] Erro DB: SQLSTATE[42S22]: Column not found: 1054 Unknown column 'codigo' in 'field list'
[2026-01-13 10:25:08] Erro BD: SQLSTATE[42S02]: Base table or view not found: 1146 Table 'gestor_escola.encarregados' doesn't exist
[2026-01-13 10:25:43] Erro BD: SQLSTATE[42S02]: Base table or view not found: 1146 Table 'gestor_escola.encarregados' doesn't exist
[2026-01-13 10:26:17] Erro BD: SQLSTATE[42S02]: Base table or view not found: 1146 Table 'gestor_escola.encarregados' doesn't exist
[2026-01-13 10:27:17] Erro BD: SQLSTATE[42S02]: Base table or view not found: 1146 Table 'gestor_escola.encarregados' doesn't exist
[2026-01-13 10:27:43] Erro BD: SQLSTATE[42S02]: Base table or view not found: 1146 Table 'gestor_escola.encarregados' doesn't exist
[2026-01-13 10:29:38] Erro BD: SQLSTATE[42S02]: Base table or view not found: 1146 Table 'gestor_escola.encarregados' doesn't exist
[2026-01-13 10:35:56] Erro BD: SQLSTATE[42S22]: Column not found: 1054 Unknown column 'foto' in 'field list'
[2026-01-13 10:43:33] Erro BD: SQLSTATE[42S22]: Column not found: 1054 Unknown column 'foto' in 'field list'
[2026-01-13 10:47:04] Erro BD: SQLSTATE[42S22]: Column not found: 1054 Unknown column 'encarregado_id' in 'field list'
[2026-01-13 10:57:21] Erro BD: SQLSTATE[42S22]: Column not found: 1054 Unknown column 'encarregado_id' in 'field list'
[2026-01-14 15:39:04] Categoria inválida para user ID 7
[2026-01-14 15:39:04] Categoria inválida
[2026-01-14 15:40:12] Categoria inválida para user ID 7
[2026-01-14 15:40:12] Categoria inválida
[2026-01-16 10:10:47] Erro BD: SQLSTATE[42S22]: Column not found: 1054 Unknown column 'foto' in 'field list'
[2026-01-16 10:16:40] Erro BD: SQLSTATE[42S22]: Column not found: 1054 Unknown column 'foto' in 'field list'
